<?xml version="1.0" encoding="UTF-8"?>
<trace:TraceModel
    xmi:version="2.0"
    xmlns:xmi="http://www.omg.org/XMI"
    xmlns:trace="http://www.eclipse.org/gmf/2006/Trace">
  <nodeTraces
      visualID="2001"
      queryText="(let _eClass_:ecore::EClass = modelFacet.metaClass.ecoreClass in _eClass_.ePackage.nsURI = 'http:///asu/edu/ser/capstone/pivi.ecore' and _eClass_.name = 'WhileStart') and (let _containmentMF_:ecore::EStructuralFeature = modelFacet.containmentMetaFeature.ecoreFeature in (let _eClass_:ecore::EClass = _containmentMF_.eContainingClass in _eClass_.ePackage.nsURI = 'http:///asu/edu/ser/capstone/pivi.ecore' and _eClass_.name = 'Diagram') and _containmentMF_.name = 'statements')"/>
  <nodeTraces
      visualID="2002"
      queryText="(let _eClass_:ecore::EClass = modelFacet.metaClass.ecoreClass in _eClass_.ePackage.nsURI = 'http:///asu/edu/ser/capstone/pivi.ecore' and _eClass_.name = 'EndNode') and (let _containmentMF_:ecore::EStructuralFeature = modelFacet.containmentMetaFeature.ecoreFeature in (let _eClass_:ecore::EClass = _containmentMF_.eContainingClass in _eClass_.ePackage.nsURI = 'http:///asu/edu/ser/capstone/pivi.ecore' and _eClass_.name = 'Diagram') and _containmentMF_.name = 'statements')"/>
  <nodeTraces
      visualID="2003"
      queryText="(let _eClass_:ecore::EClass = modelFacet.metaClass.ecoreClass in _eClass_.ePackage.nsURI = 'http:///asu/edu/ser/capstone/pivi.ecore' and _eClass_.name = 'IfStart') and (let _containmentMF_:ecore::EStructuralFeature = modelFacet.containmentMetaFeature.ecoreFeature in (let _eClass_:ecore::EClass = _containmentMF_.eContainingClass in _eClass_.ePackage.nsURI = 'http:///asu/edu/ser/capstone/pivi.ecore' and _eClass_.name = 'Diagram') and _containmentMF_.name = 'statements')">
    <compartmentTraces
        visualID="7001"
        queryText="true"/>
  </nodeTraces>
  <nodeTraces
      visualID="2004"
      queryText="(let _eClass_:ecore::EClass = modelFacet.metaClass.ecoreClass in _eClass_.ePackage.nsURI = 'http:///asu/edu/ser/capstone/pivi.ecore' and _eClass_.name = 'Instruction') and (let _containmentMF_:ecore::EStructuralFeature = modelFacet.containmentMetaFeature.ecoreFeature in (let _eClass_:ecore::EClass = _containmentMF_.eContainingClass in _eClass_.ePackage.nsURI = 'http:///asu/edu/ser/capstone/pivi.ecore' and _eClass_.name = 'Diagram') and _containmentMF_.name = 'statements')"/>
  <nodeTraces
      visualID="2005"
      queryText="(let _eClass_:ecore::EClass = modelFacet.metaClass.ecoreClass in _eClass_.ePackage.nsURI = 'http:///asu/edu/ser/capstone/pivi.ecore' and _eClass_.name = 'IfEnd') and (let _containmentMF_:ecore::EStructuralFeature = modelFacet.containmentMetaFeature.ecoreFeature in (let _eClass_:ecore::EClass = _containmentMF_.eContainingClass in _eClass_.ePackage.nsURI = 'http:///asu/edu/ser/capstone/pivi.ecore' and _eClass_.name = 'Diagram') and _containmentMF_.name = 'statements')"/>
  <nodeTraces
      visualID="2006"
      queryText="(let _eClass_:ecore::EClass = modelFacet.metaClass.ecoreClass in _eClass_.ePackage.nsURI = 'http:///asu/edu/ser/capstone/pivi.ecore' and _eClass_.name = 'StartNode') and (let _containmentMF_:ecore::EStructuralFeature = modelFacet.containmentMetaFeature.ecoreFeature in (let _eClass_:ecore::EClass = _containmentMF_.eContainingClass in _eClass_.ePackage.nsURI = 'http:///asu/edu/ser/capstone/pivi.ecore' and _eClass_.name = 'Diagram') and _containmentMF_.name = 'statements')"/>
  <childNodeTraces
      visualID="3001"
      queryText="(let _eClass_:ecore::EClass = modelFacet.metaClass.ecoreClass in _eClass_.ePackage.nsURI = 'http:///asu/edu/ser/capstone/pivi.ecore' and _eClass_.name = 'InputPort') and (let _containmentMF_:ecore::EStructuralFeature = modelFacet.containmentMetaFeature.ecoreFeature in (let _eClass_:ecore::EClass = _containmentMF_.eContainingClass in _eClass_.ePackage.nsURI = 'http:///asu/edu/ser/capstone/pivi.ecore' and _eClass_.name = 'Node') and _containmentMF_.name = 'inputPorts')"/>
  <childNodeTraces
      visualID="3002"
      queryText="(let _eClass_:ecore::EClass = modelFacet.metaClass.ecoreClass in _eClass_.ePackage.nsURI = 'http:///asu/edu/ser/capstone/pivi.ecore' and _eClass_.name = 'OutputPort') and (let _containmentMF_:ecore::EStructuralFeature = modelFacet.containmentMetaFeature.ecoreFeature in (let _eClass_:ecore::EClass = _containmentMF_.eContainingClass in _eClass_.ePackage.nsURI = 'http:///asu/edu/ser/capstone/pivi.ecore' and _eClass_.name = 'Node') and _containmentMF_.name = 'outputPorts')"/>
  <linkTraces
      visualID="4001"
      queryText="modelFacet.oclIsKindOf(gmfgen::TypeLinkModelFacet) and (let _eClass_:ecore::EClass = modelFacet.oclAsType(gmfgen::TypeLinkModelFacet).metaClass.ecoreClass in _eClass_.ePackage.nsURI = 'http:///asu/edu/ser/capstone/pivi.ecore' and _eClass_.name = 'Edge')"/>
</trace:TraceModel>
